Breakpoint 1 at 0x401141
Breakpoint 2 at 0x401158

Breakpoint 1, 0x0000000000401141 in outer ()
0x7ffd59e8a940:	"@\252\350Y\375\177"

Breakpoint 2, 0x0000000000401158 in update ()
$1 = 0 '\000'
$2 = 51 '3'

Breakpoint 2, 0x0000000000401158 in update ()
$3 = 51 '3'
$4 = 50 '2'

Breakpoint 2, 0x0000000000401158 in update ()
$5 = 50 '2'
$6 = 49 '1'

Breakpoint 2, 0x0000000000401158 in update ()
$7 = 49 '1'
$8 = 48 '0'

Breakpoint 1, 0x0000000000401141 in outer ()
0x7ffd59e8a940:	"0123\375\177"

Breakpoint 2, 0x0000000000401158 in update ()
$9 = 0 '\000'
$10 = 55 '7'

Breakpoint 2, 0x0000000000401158 in update ()
$11 = 55 '7'
$12 = 54 '6'

Breakpoint 2, 0x0000000000401158 in update ()
$13 = 54 '6'
$14 = 53 '5'

Breakpoint 2, 0x0000000000401158 in update ()
$15 = 53 '5'
$16 = 52 '4'

Breakpoint 1, 0x0000000000401141 in outer ()
0x7ffd59e8a940:	"01234567"

Breakpoint 2, 0x0000000000401158 in update ()
$17 = 0 '\000'
$18 = 59 ';'

Breakpoint 2, 0x0000000000401158 in update ()
$19 = 59 ';'
$20 = 58 ':'

Breakpoint 2, 0x0000000000401158 in update ()
$21 = 58 ':'
$22 = 57 '9'

Breakpoint 2, 0x0000000000401158 in update ()
$23 = 57 '9'
$24 = 56 '8'

Breakpoint 1, 0x0000000000401141 in outer ()
0x7ffd59e8a940:	"0123456789:;"

Breakpoint 2, 0x0000000000401158 in update ()
$25 = 0 '\000'
$26 = 63 '?'

Breakpoint 2, 0x0000000000401158 in update ()
$27 = 63 '?'
$28 = 62 '>'

Breakpoint 2, 0x0000000000401158 in update ()
$29 = 62 '>'
$30 = 61 '='

Breakpoint 2, 0x0000000000401158 in update ()
$31 = 61 '='
$32 = 60 '<'
[Inferior 1 (process 9995) exited normally]
